Info: Starting: Create block symbol file (.bsf)
Info: qsys-generate C:\Users\jlee760\Desktop\ECE385Lab9\Lab8\Lab9_Avalon_Provided_2.0\lab9_soc.qsys --block-symbol-file --output-directory=C:\Users\jlee760\Desktop\ECE385Lab9\Lab8\Lab9_Avalon_Provided_2.0\lab9_soc --family="Cyclone IV E" --part=EP4CE115F29C7
Progress: Loading Lab9_Avalon_Provided_2.0/lab9_soc.qsys
Progress: Reading input file
Progress: Adding AES_Decryption_Core_0 [AES_Decryption_Core 1.0]
Progress: Parameterizing module AES_Decryption_Core_0
Progress: Adding clk_0 [clock_source 15.0]
Progress: Parameterizing module clk_0
Progress: Adding jtag_uart_0 [altera_avalon_jtag_uart 15.0]
Progress: Parameterizing module jtag_uart_0
Progress: Adding keycode [altera_avalon_pio 15.0]
Progress: Parameterizing module keycode
Progress: Adding led [altera_avalon_pio 15.0]
Progress: Parameterizing module led
Progress: Adding nios2_qsys_0 [altera_nios2_qsys 15.0]
Progress: Parameterizing module nios2_qsys_0
Progress: Adding onchip_memory2_0 [altera_avalon_onchip_memory2 15.0]
Progress: Parameterizing module onchip_memory2_0
Progress: Adding otg_hpi_address [altera_avalon_pio 15.0]
Progress: Parameterizing module otg_hpi_address
Progress: Adding otg_hpi_cs [altera_avalon_pio 15.0]
Progress: Parameterizing module otg_hpi_cs
Progress: Adding otg_hpi_data [altera_avalon_pio 15.0]
Progress: Parameterizing module otg_hpi_data
Progress: Adding otg_hpi_r [altera_avalon_pio 15.0]
Progress: Parameterizing module otg_hpi_r
Progress: Adding otg_hpi_reset [altera_avalon_pio 15.0]
Progress: Parameterizing module otg_hpi_reset
Progress: Adding otg_hpi_w [altera_avalon_pio 15.0]
Progress: Parameterizing module otg_hpi_w
Progress: Adding sdram [altera_avalon_new_sdram_controller 15.0]
Progress: Parameterizing module sdram
Progress: Adding sdram_pll [altpll 15.0]
Progress: Parameterizing module sdram_pll
Progress: Adding sys_accum [altera_avalon_pio 15.0]
Progress: Parameterizing module sys_accum
Progress: Adding sys_clear [altera_avalon_pio 15.0]
Progress: Parameterizing module sys_clear
Progress: Adding sys_switch [altera_avalon_pio 15.0]
Progress: Parameterizing module sys_switch
Progress: Adding sysid_qsys_0 [altera_avalon_sysid_qsys 15.0]
Progress: Parameterizing module sysid_qsys_0
Progress: Adding timer [altera_avalon_timer 15.0]
Progress: Parameterizing module timer
Progress: Building connections
Progress: Parameterizing connections
Progress: Validating
Progress: Done reading input file
Warning: lab9_soc.AES_Decryption_Core: The SIM_VERILOG fileset must specify the top-level module name.
Warning: lab9_soc.nios2_qsys_0: Nios II Classic cores are now superseded by improved Gen 2 cores.
Info: lab9_soc.sysid_qsys_0: System ID is not assigned automatically. Edit the System ID parameter to provide a unique ID
Info: lab9_soc.sysid_qsys_0: Time stamp will be automatically updated when this component is generated.
Warning: lab9_soc.sdram_pll: sdram_pll.areset_conduit must be exported, or connected to a matching conduit.
Warning: lab9_soc.sdram_pll: sdram_pll.locked_conduit must be exported, or connected to a matching conduit.
Warning: lab9_soc.sdram_pll: sdram_pll.phasedone_conduit must be exported, or connected to a matching conduit.
Info: ip-generate succeeded.
Info: Finished: Create block symbol file (.bsf)
Info: 
Info: Starting: Create HDL design files for synthesis
Info: qsys-generate C:\Users\jlee760\Desktop\ECE385Lab9\Lab8\Lab9_Avalon_Provided_2.0\lab9_soc.qsys --synthesis=VERILOG --output-directory=C:\Users\jlee760\Desktop\ECE385Lab9\Lab8\Lab9_Avalon_Provided_2.0\lab9_soc\synthesis --family="Cyclone IV E" --part=EP4CE115F29C7
Progress: Loading Lab9_Avalon_Provided_2.0/lab9_soc.qsys
Progress: Reading input file
Progress: Adding AES_Decryption_Core_0 [AES_Decryption_Core 1.0]
Progress: Parameterizing module AES_Decryption_Core_0
Progress: Adding clk_0 [clock_source 15.0]
Progress: Parameterizing module clk_0
Progress: Adding jtag_uart_0 [altera_avalon_jtag_uart 15.0]
Progress: Parameterizing module jtag_uart_0
Progress: Adding keycode [altera_avalon_pio 15.0]
Progress: Parameterizing module keycode
Progress: Adding led [altera_avalon_pio 15.0]
Progress: Parameterizing module led
Progress: Adding nios2_qsys_0 [altera_nios2_qsys 15.0]
Progress: Parameterizing module nios2_qsys_0
Progress: Adding onchip_memory2_0 [altera_avalon_onchip_memory2 15.0]
Progress: Parameterizing module onchip_memory2_0
Progress: Adding otg_hpi_address [altera_avalon_pio 15.0]
Progress: Parameterizing module otg_hpi_address
Progress: Adding otg_hpi_cs [altera_avalon_pio 15.0]
Progress: Parameterizing module otg_hpi_cs
Progress: Adding otg_hpi_data [altera_avalon_pio 15.0]
Progress: Parameterizing module otg_hpi_data
Progress: Adding otg_hpi_r [altera_avalon_pio 15.0]
Progress: Parameterizing module otg_hpi_r
Progress: Adding otg_hpi_reset [altera_avalon_pio 15.0]
Progress: Parameterizing module otg_hpi_reset
Progress: Adding otg_hpi_w [altera_avalon_pio 15.0]
Progress: Parameterizing module otg_hpi_w
Progress: Adding sdram [altera_avalon_new_sdram_controller 15.0]
Progress: Parameterizing module sdram
Progress: Adding sdram_pll [altpll 15.0]
Progress: Parameterizing module sdram_pll
Progress: Adding sys_accum [altera_avalon_pio 15.0]
Progress: Parameterizing module sys_accum
Progress: Adding sys_clear [altera_avalon_pio 15.0]
Progress: Parameterizing module sys_clear
Progress: Adding sys_switch [altera_avalon_pio 15.0]
Progress: Parameterizing module sys_switch
Progress: Adding sysid_qsys_0 [altera_avalon_sysid_qsys 15.0]
Progress: Parameterizing module sysid_qsys_0
Progress: Adding timer [altera_avalon_timer 15.0]
Progress: Parameterizing module timer
Progress: Building connections
Progress: Parameterizing connections
Progress: Validating
Progress: Done reading input file
Warning: lab9_soc.AES_Decryption_Core: The SIM_VERILOG fileset must specify the top-level module name.
Warning: lab9_soc.nios2_qsys_0: Nios II Classic cores are now superseded by improved Gen 2 cores.
Info: lab9_soc.sysid_qsys_0: System ID is not assigned automatically. Edit the System ID parameter to provide a unique ID
Info: lab9_soc.sysid_qsys_0: Time stamp will be automatically updated when this component is generated.
Warning: lab9_soc.sdram_pll: sdram_pll.areset_conduit must be exported, or connected to a matching conduit.
Warning: lab9_soc.sdram_pll: sdram_pll.locked_conduit must be exported, or connected to a matching conduit.
Warning: lab9_soc.sdram_pll: sdram_pll.phasedone_conduit must be exported, or connected to a matching conduit.
Info: lab9_soc: Generating lab9_soc "lab9_soc" for QUARTUS_SYNTH
Info: Inserting clock-crossing logic between cmd_demux.src6 and cmd_mux_006.sink0
Info: Inserting clock-crossing logic between cmd_demux_001.src4 and cmd_mux_006.sink1
Info: Inserting clock-crossing logic between rsp_demux_006.src0 and rsp_mux.sink6
Info: Inserting clock-crossing logic between rsp_demux_006.src1 and rsp_mux_001.sink4
Info: AES_Decryption_Core_0: "lab9_soc" instantiated AES_Decryption_Core "AES_Decryption_Core_0"
Info: jtag_uart_0: Starting RTL generation for module 'lab9_soc_jtag_uart_0'
Info: jtag_uart_0:   Generation command is [exec C:/altera/15.0/quartus/bin64/perl/bin/perl.exe -I C:/altera/15.0/quartus/bin64/perl/lib -I C:/altera/15.0/quartus/sopc_builder/bin/europa -I C:/altera/15.0/quartus/sopc_builder/bin/perl_lib -I C:/altera/15.0/quartus/sopc_builder/bin -I C:/altera/15.0/quartus/../ip/altera/sopc_builder_ip/common -I C:/altera/15.0/quartus/../ip/altera/sopc_builder_ip/altera_avalon_jtag_uart -- C:/altera/15.0/quartus/../ip/altera/sopc_builder_ip/altera_avalon_jtag_uart/generate_rtl.pl --name=lab9_soc_jtag_uart_0 --dir=C:/Users/jlee760/AppData/Local/Temp/alt7836_8421555715011450224.dir/0002_jtag_uart_0_gen/ --quartus_dir=C:/altera/15.0/quartus --verilog --config=C:/Users/jlee760/AppData/Local/Temp/alt7836_8421555715011450224.dir/0002_jtag_uart_0_gen//lab9_soc_jtag_uart_0_component_configuration.pl  --do_build_sim=0  ]
Info: jtag_uart_0: Done RTL generation for module 'lab9_soc_jtag_uart_0'
Info: jtag_uart_0: "lab9_soc" instantiated altera_avalon_jtag_uart "jtag_uart_0"
Info: nios2_qsys_0: Starting RTL generation for module 'lab9_soc_nios2_qsys_0'
Info: nios2_qsys_0:   Generation command is [exec C:/altera/15.0/quartus/bin64/eperlcmd.exe -I C:/altera/15.0/quartus/bin64/perl/lib -I C:/altera/15.0/quartus/sopc_builder/bin/europa -I C:/altera/15.0/quartus/sopc_builder/bin/perl_lib -I C:/altera/15.0/quartus/sopc_builder/bin -I C:/altera/15.0/quartus/../ip/altera/nios2_ip/altera_nios2/cpu_lib -I C:/altera/15.0/quartus/../ip/altera/nios2_ip/altera_nios2/nios_lib -I C:/altera/15.0/quartus/../ip/altera/nios2_ip/altera_nios2 -I C:/altera/15.0/quartus/../ip/altera/nios2_ip/altera_nios2 -- C:/altera/15.0/quartus/../ip/altera/nios2_ip/altera_nios2/generate_rtl.epl --name=lab9_soc_nios2_qsys_0 --dir=C:/Users/jlee760/AppData/Local/Temp/alt7836_8421555715011450224.dir/0003_nios2_qsys_0_gen/ --quartus_bindir=C:/altera/15.0/quartus/bin64 --verilog --config=C:/Users/jlee760/AppData/Local/Temp/alt7836_8421555715011450224.dir/0003_nios2_qsys_0_gen//lab9_soc_nios2_qsys_0_processor_configuration.pl  --do_build_sim=0  ]
Info: nios2_qsys_0: # 2018.10.31 23:10:26 (*) Starting Nios II generation
Info: nios2_qsys_0: # 2018.10.31 23:10:26 (*)   Checking for plaintext license.
Info: nios2_qsys_0: # 2018.10.31 23:10:28 (*)   Couldn't query license setup in Quartus directory C:/altera/15.0/quartus/bin64
Info: nios2_qsys_0: # 2018.10.31 23:10:28 (*)   Defaulting to contents of LM_LICENSE_FILE environment variable
Info: nios2_qsys_0: # 2018.10.31 23:10:28 (*)   Plaintext license not found.
Info: nios2_qsys_0: # 2018.10.31 23:10:28 (*)   No license required to generate encrypted Nios II/e.
Info: nios2_qsys_0: # 2018.10.31 23:10:28 (*)   Elaborating CPU configuration settings
Info: nios2_qsys_0: # 2018.10.31 23:10:28 (*)   Creating all objects for CPU
Info: nios2_qsys_0: # 2018.10.31 23:10:29 (*)   Generating RTL from CPU objects
Info: nios2_qsys_0: # 2018.10.31 23:10:29 (*)   Creating plain-text RTL
Info: nios2_qsys_0: # 2018.10.31 23:10:31 (*) Done Nios II generation
Info: nios2_qsys_0: Done RTL generation for module 'lab9_soc_nios2_qsys_0'
Info: nios2_qsys_0: "lab9_soc" instantiated altera_nios2_qsys "nios2_qsys_0"
Info: onchip_memory2_0: Starting RTL generation for module 'lab9_soc_onchip_memory2_0'
Info: onchip_memory2_0:   Generation command is [exec C:/altera/15.0/quartus/bin64/perl/bin/perl.exe -I C:/altera/15.0/quartus/bin64/perl/lib -I C:/altera/15.0/quartus/sopc_builder/bin/europa -I C:/altera/15.0/quartus/sopc_builder/bin/perl_lib -I C:/altera/15.0/quartus/sopc_builder/bin -I C:/altera/15.0/quartus/../ip/altera/sopc_builder_ip/common -I C:/altera/15.0/quartus/../ip/altera/sopc_builder_ip/altera_avalon_onchip_memory2 -- C:/altera/15.0/quartus/../ip/altera/sopc_builder_ip/altera_avalon_onchip_memory2/generate_rtl.pl --name=lab9_soc_onchip_memory2_0 --dir=C:/Users/jlee760/AppData/Local/Temp/alt7836_8421555715011450224.dir/0004_onchip_memory2_0_gen/ --quartus_dir=C:/altera/15.0/quartus --verilog --config=C:/Users/jlee760/AppData/Local/Temp/alt7836_8421555715011450224.dir/0004_onchip_memory2_0_gen//lab9_soc_onchip_memory2_0_component_configuration.pl  --do_build_sim=0  ]
Info: onchip_memory2_0: Done RTL generation for module 'lab9_soc_onchip_memory2_0'
Info: onchip_memory2_0: "lab9_soc" instantiated altera_avalon_onchip_memory2 "onchip_memory2_0"
Info: sdram: Starting RTL generation for module 'lab9_soc_sdram'
Info: sdram:   Generation command is [exec C:/altera/15.0/quartus/bin64/perl/bin/perl.exe -I C:/altera/15.0/quartus/bin64/perl/lib -I C:/altera/15.0/quartus/sopc_builder/bin/europa -I C:/altera/15.0/quartus/sopc_builder/bin/perl_lib -I C:/altera/15.0/quartus/sopc_builder/bin -I C:/altera/15.0/quartus/../ip/altera/sopc_builder_ip/common -I C:/altera/15.0/quartus/../ip/altera/sopc_builder_ip/altera_avalon_new_sdram_controller -- C:/altera/15.0/quartus/../ip/altera/sopc_builder_ip/altera_avalon_new_sdram_controller/generate_rtl.pl --name=lab9_soc_sdram --dir=C:/Users/jlee760/AppData/Local/Temp/alt7836_8421555715011450224.dir/0005_sdram_gen/ --quartus_dir=C:/altera/15.0/quartus --verilog --config=C:/Users/jlee760/AppData/Local/Temp/alt7836_8421555715011450224.dir/0005_sdram_gen//lab9_soc_sdram_component_configuration.pl  --do_build_sim=0  ]
Info: sdram: Done RTL generation for module 'lab9_soc_sdram'
Info: sdram: "lab9_soc" instantiated altera_avalon_new_sdram_controller "sdram"
Info: sdram_pll: "lab9_soc" instantiated altpll "sdram_pll"
Info: sysid_qsys_0: "lab9_soc" instantiated altera_avalon_sysid_qsys "sysid_qsys_0"
Info: timer: Starting RTL generation for module 'lab9_soc_timer'
Info: timer:   Generation command is [exec C:/altera/15.0/quartus/bin64//perl/bin/perl.exe -I C:/altera/15.0/quartus/bin64//perl/lib -I C:/altera/15.0/quartus/sopc_builder/bin/europa -I C:/altera/15.0/quartus/sopc_builder/bin/perl_lib -I C:/altera/15.0/quartus/sopc_builder/bin -I C:/altera/15.0/quartus/../ip/altera/sopc_builder_ip/common -I C:/altera/15.0/quartus/../ip/altera/sopc_builder_ip/altera_avalon_timer -- C:/altera/15.0/quartus/../ip/altera/sopc_builder_ip/altera_avalon_timer/generate_rtl.pl --name=lab9_soc_timer --dir=C:/Users/jlee760/AppData/Local/Temp/alt7836_8421555715011450224.dir/0009_timer_gen/ --quartus_dir=C:/altera/15.0/quartus --verilog --config=C:/Users/jlee760/AppData/Local/Temp/alt7836_8421555715011450224.dir/0009_timer_gen//lab9_soc_timer_component_configuration.pl  --do_build_sim=0  ]
Info: timer: Done RTL generation for module 'lab9_soc_timer'
Info: timer: "lab9_soc" instantiated altera_avalon_timer "timer"
Info: avalon_st_adapter: Inserting error_adapter: error_adapter_0
Info: avalon_st_adapter_001: Inserting error_adapter: error_adapter_0
Info: avalon_st_adapter_002: Inserting error_adapter: error_adapter_0
Info: avalon_st_adapter_003: Inserting error_adapter: error_adapter_0
Info: avalon_st_adapter_004: Inserting error_adapter: error_adapter_0
Info: avalon_st_adapter_005: Inserting error_adapter: error_adapter_0
Info: avalon_st_adapter_006: Inserting error_adapter: error_adapter_0
Info: avalon_st_adapter_007: Inserting error_adapter: error_adapter_0
Info: mm_interconnect_0: "lab9_soc" instantiated altera_mm_interconnect "mm_interconnect_0"
Info: irq_mapper: "lab9_soc" instantiated altera_irq_mapper "irq_mapper"
Info: rst_controller: "lab9_soc" instantiated altera_reset_controller "rst_controller"
Info: nios2_qsys_0_data_master_translator: "mm_interconnect_0" instantiated altera_merlin_master_translator "nios2_qsys_0_data_master_translator"
Info: AES_Decryption_Core_0_AES_Slave_translator: "mm_interconnect_0" instantiated altera_merlin_slave_translator "AES_Decryption_Core_0_AES_Slave_translator"
Info: nios2_qsys_0_data_master_agent: "mm_interconnect_0" instantiated altera_merlin_master_agent "nios2_qsys_0_data_master_agent"
Info: AES_Decryption_Core_0_AES_Slave_agent: "mm_interconnect_0" instantiated altera_merlin_slave_agent "AES_Decryption_Core_0_AES_Slave_agent"
Info: AES_Decryption_Core_0_AES_Slave_agent_rsp_fifo: "mm_interconnect_0" instantiated altera_avalon_sc_fifo "AES_Decryption_Core_0_AES_Slave_agent_rsp_fifo"
Info: router: "mm_interconnect_0" instantiated altera_merlin_router "router"
Info: router_001: "mm_interconnect_0" instantiated altera_merlin_router "router_001"
Info: router_002: "mm_interconnect_0" instantiated altera_merlin_router "router_002"
Info: router_004: "mm_interconnect_0" instantiated altera_merlin_router "router_004"
Info: cmd_demux: "mm_interconnect_0" instantiated altera_merlin_demultiplexer "cmd_demux"
Info: cmd_demux_001: "mm_interconnect_0" instantiated altera_merlin_demultiplexer "cmd_demux_001"
Info: cmd_mux: "mm_interconnect_0" instantiated altera_merlin_multiplexer "cmd_mux"
Info: cmd_mux_002: "mm_interconnect_0" instantiated altera_merlin_multiplexer "cmd_mux_002"
Info: Reusing file C:/Users/jlee760/Desktop/ECE385Lab9/Lab8/Lab9_Avalon_Provided_2.0/lab9_soc/synthesis/submodules/altera_merlin_arbitrator.sv
Info: rsp_demux: "mm_interconnect_0" instantiated altera_merlin_demultiplexer "rsp_demux"
Info: rsp_demux_002: "mm_interconnect_0" instantiated altera_merlin_demultiplexer "rsp_demux_002"
Info: rsp_mux: "mm_interconnect_0" instantiated altera_merlin_multiplexer "rsp_mux"
Info: Reusing file C:/Users/jlee760/Desktop/ECE385Lab9/Lab8/Lab9_Avalon_Provided_2.0/lab9_soc/synthesis/submodules/altera_merlin_arbitrator.sv
Info: rsp_mux_001: "mm_interconnect_0" instantiated altera_merlin_multiplexer "rsp_mux_001"
Info: Reusing file C:/Users/jlee760/Desktop/ECE385Lab9/Lab8/Lab9_Avalon_Provided_2.0/lab9_soc/synthesis/submodules/altera_merlin_arbitrator.sv
Info: crosser: "mm_interconnect_0" instantiated altera_avalon_st_handshake_clock_crosser "crosser"
Info: avalon_st_adapter: "mm_interconnect_0" instantiated altera_avalon_st_adapter "avalon_st_adapter"
Info: error_adapter_0: "avalon_st_adapter" instantiated error_adapter "error_adapter_0"
Info: lab9_soc: Done "lab9_soc" with 32 modules, 48 files
Info: ip-generate succeeded.
Info: Finished: Create HDL design files for synthesis
